HuaXiaApp/app/seeds.txt
com.huaxia.finance.DMApplication
com.huaxia.finance.DMApplication: DMApplication()
com.huaxia.finance.MenuTwoActivity
com.huaxia.finance.MenuTwoActivity: MenuTwoActivity()
com.huaxia.finance.R$anim
com.huaxia.finance.R$anim: int abc_fade_in
com.huaxia.finance.R$anim: int abc_fade_out
com.huaxia.finance.R$anim: int abc_grow_fade_in_from_bottom
com.huaxia.finance.R$anim: int abc_popup_enter
com.huaxia.finance.R$anim: int abc_popup_exit
com.huaxia.finance.R$anim: int abc_shrink_fade_out_from_bottom
com.huaxia.finance.R$anim: int abc_slide_in_bottom
com.huaxia.finance.R$anim: int abc_slide_in_top
com.huaxia.finance.R$anim: int abc_slide_out_bottom
com.huaxia.finance.R$anim: int abc_slide_out_top
com.huaxia.finance.R$anim: int fade
com.huaxia.finance.R$anim: int fade_in
com.huaxia.finance.R$anim: int fade_out
com.huaxia.finance.R$anim: int hold
com.huaxia.finance.R$anim: int pop_bottom_in
com.huaxia.finance.R$anim: int pop_bottom_out
com.huaxia.finance.R$anim: int product_rotate
com.huaxia.finance.R$anim: int pull_refresh_arrow_down
com.huaxia.finance.R$anim: int pull_refresh_arrow_up
com.huaxia.finance.R$anim: int pull_refresh_update_loading_progressbar_anim
com.huaxia.finance.R$anim: int rotate_tip
com.huaxia.finance.R$anim: int top_in
com.huaxia.finance.R$anim: int top_out
com.huaxia.finance.R$anim: int zoom_big
com.huaxia.finance.R$anim: int zoom_small
com.huaxia.finance.R$array
com.huaxia.finance.R$array: int colors
com.huaxia.finance.R$attr
com.huaxia.finance.R$attr: int actionBarDivider
com.huaxia.finance.R$attr: int actionBarItemBackground
com.huaxia.finance.R$attr: int actionBarPopupTheme
com.huaxia.finance.R$attr: int actionBarSize
com.huaxia.finance.R$attr: int actionBarSplitStyle
com.huaxia.finance.R$attr: int actionBarStyle
com.huaxia.finance.R$attr: int actionBarTabBarStyle
com.huaxia.finance.R$attr: int actionBarTabStyle
com.huaxia.finance.R$attr: int actionBarTabTextStyle
com.huaxia.finance.R$attr: int actionBarTheme
com.huaxia.finance.R$attr: int actionBarWidgetTheme
com.huaxia.finance.R$attr: int actionButtonStyle
com.huaxia.finance.R$attr: int actionDropDownStyle
com.huaxia.finance.R$attr: int actionLayout
com.huaxia.finance.R$attr: int actionMenuTextAppearance
com.huaxia.finance.R$attr: int actionMenuTextColor
com.huaxia.finance.R$attr: int actionModeBackground
com.huaxia.finance.R$attr: int actionModeCloseButtonStyle
com.huaxia.finance.R$attr: int actionModeCloseDrawable
com.huaxia.finance.R$attr: int actionModeCopyDrawable
com.huaxia.finance.R$attr: int actionModeCutDrawable
com.huaxia.finance.R$attr: int actionModeFindDrawable
com.huaxia.finance.R$attr: int actionModePasteDrawable
com.huaxia.finance.R$attr: int actionModePopupWindowStyle
com.huaxia.finance.R$attr: int actionModeSelectAllDrawable
com.huaxia.finance.R$attr: int actionModeShareDrawable
com.huaxia.finance.R$attr: int actionModeSplitBackground
com.huaxia.finance.R$attr: int actionModeStyle
com.huaxia.finance.R$bool
com.huaxia.finance.R$bool: int abc_action_bar_embed_tabs
com.huaxia.finance.R$bool: int abc_action_bar_embed_tabs_pre_jb
com.huaxia.finance.R$bool: int abc_action_bar_expanded_action_views_exclusive
com.huaxia.finance.R$bool: int abc_config_actionMenuItemAllCaps
com.huaxia.finance.R$bool: int abc_config_allowActionMenuItemTextWithIcon
com.huaxia.finance.R$bool: int abc_config_closeDialogWhenTouchOutside
com.huaxia.finance.R$bool: int abc_config_showMenuShortcutsWhenKeyboardPresent
...
android.support.v4.media.TransportController
android.support.v4.media.TransportController: TransportController()
android.support.v4.media.TransportController: void registerStateListener(android.support.v4.media.TransportStateListener)
android.support.v4.media.TransportController: void unregisterStateListener(android.support.v4.media.TransportStateListener)
android.support.v4.media.TransportController: void startPlaying()
android.support.v4.media.TransportController: void pausePlaying()
android.support.v4.media.TransportController: void stopPlaying()
android.support.v4.media.TransportController: long getDuration()
android.support.v4.media.TransportController: long getCurrentPosition()
android.support.v4.media.TransportController: void seekTo(long)
android.support.v4.media.TransportController: boolean isPlaying()
android.support.v4.media.TransportController: int getBufferPercentage()
android.support.v4.media.TransportController: int getTransportControlFlags()
android.support.v4.media.TransportMediator
android.support.v4.media.TransportMediator: android.content.Context mContext
android.support.v4.media.TransportMediator: android.support.v4.media.TransportPerformer mCallbacks
android.support.v4.media.TransportMediator: android.media.AudioManager mAudioManager
android.support.v4.media.TransportMediator: android.view.View mView
android.support.v4.media.TransportMediator: java.lang.Object mDispatcherState
android.support.v4.media.TransportMediator: android.support.v4.media.TransportMediatorJellybeanMR2 mController
android.support.v4.media.TransportMediator: java.util.ArrayList mListeners
android.support.v4.media.TransportMediator: android.support.v4.media.TransportMediatorCallback mTransportKeyCallback
android.support.v4.media.TransportMediator: int KEYCODE_MEDIA_PLAY
android.support.v4.media.TransportMediator: int KEYCODE_MEDIA_PAUSE
android.support.v4.media.TransportMediator: int KEYCODE_MEDIA_RECORD
android.support.v4.media.TransportMediator: int FLAG_KEY_MEDIA_PREVIOUS
android.support.v4.media.TransportMediator: int FLAG_KEY_MEDIA_REWIND
android.support.v4.media.TransportMediator: int FLAG_KEY_MEDIA_PLAY
android.support.v4.media.TransportMediator: int FLAG_KEY_MEDIA_PLAY_PAUSE
android.support.v4.media.TransportMediator: int FLAG_KEY_MEDIA_PAUSE
android.support.v4.media.TransportMediator: int FLAG_KEY_MEDIA_STOP
android.support.v4.media.TransportMediator: int FLAG_KEY_MEDIA_FAST_FORWARD
android.support.v4.media.TransportMediator$1
android.support.v4.media.TransportMediator$1: android.support.v4.media.TransportMediator this$0
android.support.v4.media.TransportMediator$1: TransportMediator$1(android.support.v4.media.TransportMediator)
android.support.v4.media.TransportMediator$1: void handleKey(android.view.KeyEvent)
android.support.v4.media.TransportMediator$1: void handleAudioFocusChange(int)
android.support.v4.media.TransportMediator$1: long getPlaybackPosition()
android.support.v4.media.TransportMediator$1: void playbackPositionUpdate(long)
android.support.v4.media.TransportMediator$2
android.support.v4.media.TransportMediator$2: android.support.v4.media.TransportMediator this$0
android.support.v4.media.TransportMediator$2: TransportMediator$2(android.support.v4.media.TransportMediator)
android.support.v4.media.TransportMediator$2: boolean onKeyDown(int,android.view.KeyEvent)
android.support.v4.media.TransportMediator$2: boolean onKeyLongPress(int,android.view.KeyEvent)
android.support.v4.media.TransportMediator$2: boolean onKeyUp(int,android.view.KeyEvent)
android.support.v4.media.TransportMediator$2: boolean onKeyMultiple(int,int,android.view.KeyEvent)