HuaXiaApp/app/mapping.txt
com.huaxia.finance.DMApplication -> com.huaxia.finance.DMApplication:
    com.huaxia.finance.DMApplication instance -> g
    com.framwork.lazylist.ImageLoader loader -> h
    boolean isLoginFlag -> a
    java.lang.String cookieslogin -> b
    java.lang.String token -> c
    boolean isNoticeFlag -> d
    java.util.Map devicedmessage -> e
    com.google.gson.Gson gson -> i
    com.framwork.asychttpclient.AsyncHttpClient httpClient -> j
    com.umeng.message.PushAgent mPushAgent -> k
    java.lang.String device_token -> f
    void <init>() -> <init>
    com.google.gson.Gson getGson() -> a
    com.framwork.asychttpclient.AsyncHttpClient getHttpClient(android.app.Activity) -> a
    com.huaxia.finance.DMApplication getInstance() -> b
    com.framwork.lazylist.ImageLoader getImageLoader() -> c
    void onCreate() -> onCreate
    void <clinit>() -> <clinit>
com.huaxia.finance.DMApplication$1 -> com.huaxia.finance.a:
    com.huaxia.finance.DMApplication this$0 -> a
    void <init>(com.huaxia.finance.DMApplication) -> <init>
    void dealWithCustomMessage(android.content.Context,com.umeng.message.entity.UMessage) -> dealWithCustomMessage
    android.app.Notification getNotification(android.content.Context,com.umeng.message.entity.UMessage) -> getNotification
com.huaxia.finance.DMApplication$1$1 -> com.huaxia.finance.b:
    com.umeng.message.entity.UMessage val$msg -> a
    com.huaxia.finance.DMApplication$1 this$1 -> b
    void <init>(com.huaxia.finance.DMApplication$1,com.umeng.message.entity.UMessage) -> <init>
    void run() -> run
com.huaxia.finance.MenuTwoActivity -> com.huaxia.finance.MenuTwoActivity:
    java.lang.String mPageName -> h
    com.huaxia.finance.MenuTwoActivity instance -> i
    com.framwork.widget.BottomBar bottomBar -> j
    android.widget.RelativeLayout include_menu -> k
    android.widget.ImageButton img_btn_title_back -> a
    android.widget.TextView tv_title_bar -> b
    android.widget.ImageButton img_btn_title_right -> c
    android.content.Context mContext -> d
    android.support.v4.app.Fragment currunt -> l
    com.huaxia.finance.recommenddm.RecommendFragment recommendFragment -> m
    com.huaxia.finance.mangemoneydm.ProductListFragment productListFragment -> n
    com.huaxia.finance.activities.ActivitiesFragment activitiesFragment -> o
    com.huaxia.finance.minedm.MineFragment mineFragment -> p
    com.huaxia.finance.moredm.MoreFragment moreFragment -> q
    int ResultCode -> r
    int RequestCode -> s
    int index_temp -> t
    com.umeng.message.PushAgent mPushAgent -> e
    com.umeng.message.IUmengRegisterCallback mRegisterCallback -> f
    com.huaxia.finance.model.UpdateModel updateModel -> g
    void <init>() -> <init>
    com.huaxia.finance.MenuTwoActivity getInstance() -> a
    void onPause() -> onPause
    void onResume() -> onResume
    void onDestroy() -> onDestroy
    void onActivityResult(int,int,android.content.Intent) -> onActivityResult
    void onStart() -> onStart
    void onCreate(android.os.Bundle) -> onCreate
    void findViews() -> e
com.huaxia.finance.MenuTwoActivity$1 -> com.huaxia.finance.c:
    com.huaxia.finance.MenuTwoActivity this$0 -> a
    void <init>(com.huaxia.finance.MenuTwoActivity) -> <init>
    void onRegistered(java.lang.String) -> onRegistered
com.huaxia.finance.MenuTwoActivity$2 -> com.huaxia.finance.d:
    com.huaxia.finance.MenuTwoActivity this$0 -> a
    void <init>(com.huaxia.finance.MenuTwoActivity) -> <init>
    void onItemChanged(int) -> a
com.huaxia.finance.MenuTwoActivity$3 -> com.huaxia.finance.e:
    boolean val$flag -> a
    com.huaxia.finance.MenuTwoActivity this$0 -> b
    void <init>(com.huaxia.finance.MenuTwoActivity,boolean) -> <init>
    void onSuccess(java.lang.String,int,org.apache.http.Header[],byte[]) -> a
    void onFailure(java.lang.String,int,org.apache.http.Header[],byte[],java.lang.Throwable) -> a
...
com.sina.weibo.sdk.api.BaseMediaObject -> com.sina.weibo.sdk.a.a:
    java.lang.String actionUrl -> a
    java.lang.String schema -> b
    java.lang.String identify -> c
    java.lang.String title -> d
    java.lang.String description -> e
    byte[] thumbData -> f
    void <init>() -> <init>
    void <init>(android.os.Parcel) -> <init>
    void setThumbImage(android.graphics.Bitmap) -> a
    int describeContents() -> describeContents
    void writeToParcel(android.os.Parcel,int) -> writeToParcel
    boolean checkArgs() -> a
    com.sina.weibo.sdk.api.BaseMediaObject toExtraMediaObject(java.lang.String) -> a
    java.lang.String toExtraMediaString() -> b
com.sina.weibo.sdk.api.CmdObject -> com.sina.weibo.sdk.a.b:
    java.lang.String cmd -> g
    android.os.Parcelable$Creator CREATOR -> CREATOR
    void <clinit>() -> <clinit>
    void <init>() -> <init>
    void <init>(android.os.Parcel) -> <init>
    int describeContents() -> describeContents
    void writeToParcel(android.os.Parcel,int) -> writeToParcel
    boolean checkArgs() -> a
    com.sina.weibo.sdk.api.BaseMediaObject toExtraMediaObject(java.lang.String) -> a
    java.lang.String toExtraMediaString() -> b
com.sina.weibo.sdk.api.CmdObject$1 -> com.sina.weibo.sdk.a.c:
    void <init>() -> <init>
    com.sina.weibo.sdk.api.CmdObject createFromParcel(android.os.Parcel) -> a
    com.sina.weibo.sdk.api.CmdObject[] newArray(int) -> a
    java.lang.Object createFromParcel(android.os.Parcel) -> createFromParcel
    java.lang.Object[] newArray(int) -> newArray
com.sina.weibo.sdk.api.ImageObject -> com.sina.weibo.sdk.a.d:
    byte[] imageData -> g
    java.lang.String imagePath -> h
    android.os.Parcelable$Creator CREATOR -> CREATOR
    void <clinit>() -> <clinit>
    void <init>() -> <init>
    void <init>(android.os.Parcel) -> <init>
    int describeContents() -> describeContents
    void writeToParcel(android.os.Parcel,int) -> writeToParcel
    boolean checkArgs() -> a
    com.sina.weibo.sdk.api.BaseMediaObject toExtraMediaObject(java.lang.String) -> a
    java.lang.String toExtraMediaString() -> b
com.sina.weibo.sdk.api.ImageObject$1 -> com.sina.weibo.sdk.a.e:
    void <init>() -> <init>
    com.sina.weibo.sdk.api.ImageObject createFromParcel(android.os.Parcel) -> a
    com.sina.weibo.sdk.api.ImageObject[] newArray(int) -> a
    java.lang.Object createFromParcel(android.os.Parcel) -> createFromParcel
    java.lang.Object[] newArray(int) -> newArray
com.sina.weibo.sdk.api.MusicObject -> com.sina.weibo.sdk.a.f:
    java.lang.String defaultText -> g
    java.lang.String h5Url -> h
    java.lang.String dataUrl -> i
    java.lang.String dataHdUrl -> j
    int duration -> k
    android.os.Parcelable$Creator CREATOR -> CREATOR
    void <clinit>() -> <clinit>
    void <init>() -> <init>
    void <init>(android.os.Parcel) -> <init>
    void writeToParcel(android.os.Parcel,int) -> writeToParcel
    boolean checkArgs() -> a
    com.sina.weibo.sdk.api.BaseMediaObject toExtraMediaObject(java.lang.String) -> a
    java.lang.String toExtraMediaString() -> b
com.sina.weibo.sdk.api.MusicObject$1 -> com.sina.weibo.sdk.a.g:
    void <init>() -> <init>
    com.sina.weibo.sdk.api.MusicObject createFromParcel(android.os.Parcel) -> a
    com.sina.weibo.sdk.api.MusicObject[] newArray(int) -> a
    java.lang.Object createFromParcel(android.os.Parcel) -> createFromParcel
    java.lang.Object[] newArray(int) -> newArray
com.sina.weibo.sdk.api.TextObject -> com.sina.weibo.sdk.a.h:
    java.lang.String text -> g
    android.os.Parcelable$Creator CREATOR -> CREATOR
    void <clinit>() -> <clinit>
    void <init>() -> <init>
    void <init>(android.os.Parcel) -> <init>
    int describeContents() -> describeContents
    void writeToParcel(android.os.Parcel,int) -> writeToParcel
    boolean checkArgs() -> a
    com.sina.weibo.sdk.api.BaseMediaObject toExtraMediaObject(java.lang.String) -> a
    java.lang.String toExtraMediaString() -> b