HuaXiaApp/app/unused.txt
com.huaxia.finance.BuildConfig
com.huaxia.finance.DMApplication:
    private static final java.lang.String TAG
com.huaxia.finance.MenuTwoActivity:
    public static final int RequestCodeHuaxia
    107:107:public android.widget.RelativeLayout getRelative_title_bar()
    258:282:public void removeFragment(int)
com.huaxia.finance.R:
    10:3473:public R()
com.huaxia.finance.adapter.BasePagerAdapter
com.huaxia.finance.adapter.CommonAdapter:
    56:61:public void removeAdapterListData(int)
com.huaxia.finance.base.BaseFragment
com.huaxia.finance.base.WebActivity:
    public static final java.lang.String KEY_SHARE_TYPE
    public static final int SHARE_CLIENT
    public static final int SHARE_ALL_IN_ONE
    560:565:public void enterMenuActiviyt(java.lang.String)
    568:575:public static java.lang.String injectIsParams(java.lang.String)
    799:804:private com.sina.weibo.sdk.api.ImageObject getImageObj(int)
    890:904:private void shareToQzone(java.lang.String,java.lang.String,java.lang.String)
com.huaxia.finance.base.WebActivity$JsInterface:
    661:667:public void clickOnAndroid(java.lang.String)
com.huaxia.finance.constant.DMConstant:
    public static final java.lang.String UrlHuaxiaBase
    public static final java.lang.String UrlHuaxiaDisplay
    public static final java.lang.String UrlHuaxia
    public static final java.lang.String UrlHuaxia_d
    public static final java.lang.String UrlMangeMoney
    public static final java.lang.String UrlMangeMoney_d
    public static final java.lang.String UrlMine
    public static final java.lang.String UrlMine_d
    public static final java.lang.String UrlMine_more
    public static final java.lang.String UrlMore
    public static final java.lang.String UrlMore_d
    public static final java.lang.String Urllogin
    public static final java.lang.String Urlregister
    public static final java.lang.String Urlforget
    public static final java.lang.String UrlDisclaimer
    public static final java.lang.String UrlPivacy
    public static final java.lang.String UrlProblem
    public static final java.lang.String UrlAbout
    public static final java.lang.String UrlAgreement
    public static final java.lang.String UrlWork
    public static final java.lang.String UrlMangemoney
    public static final java.lang.String APP_CACAHE_DIRNAME
    public static final java.lang.String web_path_huaxia
    public static final java.lang.String web_path_mangemoney
    public static final java.lang.String web_path_mine
    public static final java.lang.String web_path_more
    13:13:public DMConstant()
com.huaxia.finance.constant.ShareConstants
com.huaxia.finance.constant.ShareConstants$ShowMsgActivity
com.huaxia.finance.constant.StateConstant
com.huaxia.finance.constant.UmengConstants
com.huaxia.finance.constant.UrlConstants
com.huaxia.finance.constant.UserConstant:
    public static final java.lang.String key_userPhone
    public static final java.lang.String key_userpassword
    public static final java.lang.String key_username
    public static final java.lang.String key_usercertNo
    public static final java.lang.String key_userauthnamestatus
    public static final java.lang.String key_token
    public static final java.lang.String AliasHuaxia
    public static final java.lang.String pathProject
    public static final java.lang.String pathCache
    public static final java.lang.String pathBanner
    public static final java.lang.String pathNotice
    public static final java.lang.String pathHomePageProduct
    public static final java.lang.String pathProductList
    public static final java.lang.String pathActivttyList
    6:6:public UserConstant()
com.huaxia.finance.huaxiamd.HuaXiaFragment
com.huaxia.finance.huaxiamd.HuaXiaFragment$1
com.huaxia.finance.huaxiamd.HuaXiaFragment$2
com.huaxia.finance.huaxiamd.HuaXiaFragment$3
com.huaxia.finance.mangemoneydm.ChoiceBackDialog:
    188:195:public java.util.List getBankListInit(java.util.List)
com.huaxia.finance.mangemoneydm.MangeMoneyFragment
...
com.tencent.connect.auth.AuthAgent$1
com.tencent.connect.auth.AuthAgent$1$1
com.tencent.connect.auth.AuthAgent$CheckLoginListener
com.tencent.connect.auth.AuthAgent$FeedConfirmListener
com.tencent.connect.auth.AuthAgent$FeedConfirmListener$1
com.tencent.connect.auth.AuthAgent$FeedConfirmListener$2
com.tencent.connect.auth.AuthAgent$FeedConfirmListener$3
com.tencent.connect.auth.AuthAgent$FeedConfirmListener$ButtonListener
com.tencent.connect.auth.AuthAgent$TokenListener
com.tencent.connect.auth.AuthConstants
com.tencent.connect.auth.AuthDialog
com.tencent.connect.auth.AuthDialog$1
com.tencent.connect.auth.AuthDialog$2
com.tencent.connect.auth.AuthDialog$3
com.tencent.connect.auth.AuthDialog$LoginWebViewClient
com.tencent.connect.auth.AuthDialog$LoginWebViewClient$1
com.tencent.connect.auth.AuthDialog$OnTimeListener
com.tencent.connect.auth.AuthDialog$THandler
com.tencent.connect.auth.AuthDialog$TimeOutRunable
com.tencent.connect.auth.AuthMap
com.tencent.connect.auth.AuthMap$Auth
com.tencent.connect.auth.QQAuth:
    103:104:public int login(android.app.Activity,java.lang.String,com.tencent.tauth.IUiListener)
    127:128:public int login(android.app.Activity,java.lang.String,com.tencent.tauth.IUiListener,java.lang.String)
    152:154:public int login(android.support.v4.app.Fragment,java.lang.String,com.tencent.tauth.IUiListener,java.lang.String)
    167:193:private int a(android.app.Activity,android.support.v4.app.Fragment,java.lang.String,com.tencent.tauth.IUiListener,java.lang.String)
    210:225:public int loginWithOEM(android.app.Activity,java.lang.String,com.tencent.tauth.IUiListener,java.lang.String,java.lang.String,java.lang.String)
    248:249:public int reAuth(android.app.Activity,java.lang.String,com.tencent.tauth.IUiListener)
    256:257:public void reportDAU()
    265:266:public void checkLogin(com.tencent.tauth.IUiListener)
    276:285:public void logout(android.content.Context)
    307:309:public void setAccessToken(java.lang.String,java.lang.String)
    318:321:public boolean isSessionValid()
    332:336:public void setOpenId(android.content.Context,java.lang.String)
    359:362:public boolean onActivityResult(int,int,android.content.Intent)
com.tencent.connect.auth.QQToken:
    public static final int AUTH_WEB
    public static final int AUTH_QQ
    public static final int AUTH_QZONE
    27:28:public void setAppId(java.lang.String)
    53:53:public int getAuthSource()
    57:58:public void setAuthSource(int)
    61:61:public long getExpireTimeInSecond()
com.tencent.connect.common.AssistActivity:
    private static final java.lang.String RESTART_FLAG
    private static final java.lang.String TAG
    public static final java.lang.String EXTRA_INTENT
    protected static final int FINISH_BY_TIMEOUT
    35:36:public static android.content.Intent getAssistActivityIntent(android.content.Context)